<?xml version="1.0" encoding="UTF-8"?>
<testng-results ignored="0" total="1" passed="1" failed="0" skipped="0">
  <reporter-output>
  </reporter-output>
  <suite started-at="2022-08-24T23:42:30 IST" name="Default suite" finished-at="2022-08-24T23:42:50 IST" duration-ms="19874">
    <groups>
    </groups>
    <test started-at="2022-08-24T23:42:30 IST" name="Default test" finished-at="2022-08-24T23:42:50 IST" duration-ms="19874">
      <class name="SeleniumAutomate.SeleniumAutomate.VerifyhomepageUsingTitle">
        <test-method signature="home_page()[pri:0, instance:SeleniumAutomate.SeleniumAutomate.VerifyhomepageUsingTitle@729d991e]" started-at="2022-08-24T23:42:30 IST" name="home_page" finished-at="2022-08-24T23:42:50 IST" duration-ms="19803" status="PASS">
          <reporter-output>
          </reporter-output>
        </test-method> <!-- home_page -->
      </class> <!-- SeleniumAutomate.SeleniumAutomate.VerifyhomepageUsingTitle -->
    </test> <!-- Default test -->
  </suite> <!-- Default suite -->
</testng-results>
