<?xml version="1.0" encoding="UTF-8"?>
<testng-results ignored="0" total="1" passed="1" failed="0" skipped="0">
  <reporter-output>
  </reporter-output>
  <suite started-at="2022-08-22T17:05:42 IST" name="Default suite" finished-at="2022-08-22T17:05:56 IST" duration-ms="13775">
    <groups>
    </groups>
    <test started-at="2022-08-22T17:05:42 IST" name="Default test" finished-at="2022-08-22T17:05:56 IST" duration-ms="13775">
      <class name="SeleniumAutomate.SeleniumAutomate.Facebook_Login">
        <test-method signature="fb_automation()[pri:0, instance:SeleniumAutomate.SeleniumAutomate.Facebook_Login@729d991e]" started-at="2022-08-22T17:05:42 IST" name="fb_automation" finished-at="2022-08-22T17:05:56 IST" duration-ms="13707" status="PASS">
          <reporter-output>
          </reporter-output>
        </test-method> <!-- fb_automation -->
      </class> <!-- SeleniumAutomate.SeleniumAutomate.Facebook_Login -->
    </test> <!-- Default test -->
  </suite> <!-- Default suite -->
</testng-results>
