<?xml version="1.0" encoding="UTF-8"?>
<!-- Generated by org.testng.reporters.JUnitXMLReporter -->
<testsuite ignored="8" hostname="DESKTOP-J77L1O0" failures="0" tests="1" name="Default test" time="4.447" errors="0" timestamp="2022-09-08T09:54:20 IST">
  <testcase classname="SeleniumAutomate.SeleniumAutomate.Web_Table" name="HashMapExample_printtheOcuuranceOfPoori" time="0.365"/>
  <testcase classname="SeleniumAutomate.SeleniumAutomate.Web_Table" name="list_box_example" time="0.0">
    <ignored/>
  </testcase> <!-- list_box_example -->
  <testcase classname="SeleniumAutomate.SeleniumAutomate.Web_Table" name="print_unique_element_sorted" time="0.0">
    <ignored/>
  </testcase> <!-- print_unique_element_sorted -->
  <testcase classname="SeleniumAutomate.SeleniumAutomate.Web_Table" name="checklisthasDUPLICATEvalues_HashSet" time="0.0">
    <ignored/>
  </testcase> <!-- checklisthasDUPLICATEvalues_HashSet -->
  <testcase classname="SeleniumAutomate.SeleniumAutomate.Web_Table" name="web_table_example" time="0.0">
    <ignored/>
  </testcase> <!-- web_table_example -->
  <testcase classname="SeleniumAutomate.SeleniumAutomate.Web_Table" name="print_unique_element_in_the_listbox" time="0.0">
    <ignored/>
  </testcase> <!-- print_unique_element_in_the_listbox -->
  <testcase classname="SeleniumAutomate.SeleniumAutomate.Web_Table" name="printlistvalues_sorted_order" time="0.0">
    <ignored/>
  </testcase> <!-- printlistvalues_sorted_order -->
  <testcase classname="SeleniumAutomate.SeleniumAutomate.Web_Table" name="PrinttheDUPLICATEItem_intheList_HashSet" time="0.0">
    <ignored/>
  </testcase> <!-- PrinttheDUPLICATEItem_intheList_HashSet -->
  <testcase classname="SeleniumAutomate.SeleniumAutomate.Web_Table" name="auto_suggestion_ex_google_search" time="0.0">
    <ignored/>
  </testcase> <!-- auto_suggestion_ex_google_search -->
</testsuite> <!-- Default test -->
